<?xml version="1.0" encoding="UTF-8"?>
<!-- Generated by org.testng.reporters.JUnitXMLReporter -->
<testsuite hostname="DESKTOP-N639G6C" ignored="4" name="RunTestCasesOnChrome" tests="4" failures="0" timestamp="2020-04-01T17:33:47 IST" time="253.495" errors="0">
  <testcase name="Login" time="25.603" classname="TestCases.DoLoginCase"/>
  <testcase name="SwichLanguage" time="83.985" classname="TestCases.SwitchLanguageCase"/>
  <testcase name="SwichLanguage" time="32.887" classname="TestCases.RequiredTabAccessCase"/>
  <testcase name="SwichLanguage" time="53.711" classname="TestCases.AccessClientInformationCase"/>
  <testcase name="@BeforeTest Init" time="0.0" classname="TestCore.CoreFile">
    <ignored/>
  </testcase> <!-- @BeforeTest Init -->
  <testcase name="@BeforeTest Init" time="0.0" classname="TestCore.CoreFile">
    <ignored/>
  </testcase> <!-- @BeforeTest Init -->
  <testcase name="@BeforeTest Init" time="0.0" classname="TestCore.CoreFile">
    <ignored/>
  </testcase> <!-- @BeforeTest Init -->
  <testcase name="@BeforeTest Init" time="0.0" classname="TestCore.CoreFile">
    <ignored/>
  </testcase> <!-- @BeforeTest Init -->
</testsuite> <!-- RunTestCasesOnChrome -->
