<?xml version="1.0" encoding="UTF-8"?>
<!-- Generated by org.testng.reporters.JUnitXMLReporter -->
<testsuite hostname="DESKTOP-N639G6C" ignored="1" name="RunTestCaseOnIE" tests="1" failures="0" timestamp="2020-03-31T19:41:21 IST" time="72.616" errors="0">
  <testcase name="Login" time="70.087" classname="TestCases.DoLoginCase"/>
  <testcase name="@BeforeTest Init" time="0.0" classname="TestCore.CoreFile">
    <ignored/>
  </testcase> <!-- @BeforeTest Init -->
</testsuite> <!-- RunTestCaseOnIE -->
